mode: set
github.com/Sp1tfire88/k8s-controllers/cmd/go_basic.go:12.47,18.27 1 0
github.com/Sp1tfire88/k8s-controllers/cmd/go_basic.go:18.27,20.5 1 0
github.com/Sp1tfire88/k8s-controllers/cmd/go_basic.go:24.3,30.17 3 0
github.com/Sp1tfire88/k8s-controllers/cmd/go_basic.go:34.13,37.2 1 1
github.com/Sp1tfire88/k8s-controllers/cmd/go_basic.go:47.34,48.33 1 1
github.com/Sp1tfire88/k8s-controllers/cmd/go_basic.go:48.33,50.3 1 1
github.com/Sp1tfire88/k8s-controllers/cmd/go_basic.go:53.48,55.2 1 1
github.com/Sp1tfire88/k8s-controllers/cmd/root.go:15.34,17.16 2 1
github.com/Sp1tfire88/k8s-controllers/cmd/root.go:17.16,19.3 1 0
github.com/Sp1tfire88/k8s-controllers/cmd/root.go:21.2,24.33 3 1
github.com/Sp1tfire88/k8s-controllers/cmd/root.go:24.33,26.3 1 1
github.com/Sp1tfire88/k8s-controllers/cmd/root.go:26.8,31.3 1 1
github.com/Sp1tfire88/k8s-controllers/cmd/root.go:33.2,38.11 1 1
github.com/Sp1tfire88/k8s-controllers/cmd/root.go:45.60,48.3 2 1
github.com/Sp1tfire88/k8s-controllers/cmd/root.go:49.47,56.3 6 1
github.com/Sp1tfire88/k8s-controllers/cmd/root.go:59.13,68.28 6 1
github.com/Sp1tfire88/k8s-controllers/cmd/root.go:68.28,69.46 1 1
github.com/Sp1tfire88/k8s-controllers/cmd/root.go:69.46,71.4 1 0
github.com/Sp1tfire88/k8s-controllers/cmd/root.go:75.2,77.100 2 1
github.com/Sp1tfire88/k8s-controllers/cmd/root.go:77.100,79.3 1 0
github.com/Sp1tfire88/k8s-controllers/cmd/root.go:83.22,85.2 1 0
github.com/Sp1tfire88/k8s-controllers/cmd/server.go:20.47,22.3 1 0
github.com/Sp1tfire88/k8s-controllers/cmd/server.go:25.13,29.100 3 1
github.com/Sp1tfire88/k8s-controllers/cmd/server.go:29.100,31.3 1 0
github.com/Sp1tfire88/k8s-controllers/cmd/server.go:47.28,56.65 7 0
github.com/Sp1tfire88/k8s-controllers/cmd/server.go:56.65,58.3 1 0
github.com/Sp1tfire88/k8s-controllers/cmd/server.go:61.74,62.40 1 0
github.com/Sp1tfire88/k8s-controllers/cmd/server.go:62.40,67.22 3 0
github.com/Sp1tfire88/k8s-controllers/cmd/server.go:67.22,70.4 2 0
github.com/Sp1tfire88/k8s-controllers/cmd/server.go:73.3,83.26 3 0
github.com/Sp1tfire88/k8s-controllers/cmd/server.go:115.44,118.2 2 1
github.com/Sp1tfire88/k8s-controllers/cmd/server.go:120.44,125.2 4 1
github.com/Sp1tfire88/k8s-controllers/cmd/server.go:127.46,130.2 2 1
